Arguments: 
  /usr/local/bin/node /Users/janietito/.yarn/bin/yarn.js start

PATH: 
  /Users/janietito/.yarn/bin:/Users/janietito/.config/yarn/global/node_modules/.bin:/usr/local/bin:/usr/bin:/bin:/usr/sbin:/sbin

Yarn version: 
  1.5.1

Node version: 
  8.2.1

Platform: 
  darwin x64

npm manifest: 
  No manifest

yarn manifest: 
  No manifest

Lockfile: 
  No lockfile

Trace: 
  Error: Couldn't find a package.json file in "/Users/janietito/Documents/workspace/App"
      at new MessageError (/Users/janietito/.yarn/lib/cli.js:186:110)
      at /Users/janietito/.yarn/lib/cli.js:40048:15
      at Generator.next (<anonymous>)
      at step (/Users/janietito/.yarn/lib/cli.js:98:30)
      at /Users/janietito/.yarn/lib/cli.js:109:13
      at <anonymous>
